<?xml version="1.0" encoding="UTF-8"?>
<testsuite name="cz.cvut.fit.gritsego.semestral.rest_api.PlayerControllerTest" tests="5" skipped="0" failures="0" errors="0" timestamp="2021-01-06T15:24:41" hostname="DESKTOP-00B7A6Q" time="0.265">
  <properties/>
  <testcase name="delete()" classname="cz.cvut.fit.gritsego.semestral.rest_api.PlayerControllerTest" time="0.103"/>
  <testcase name="update()" classname="cz.cvut.fit.gritsego.semestral.rest_api.PlayerControllerTest" time="0.114"/>
  <testcase name="postNew()" classname="cz.cvut.fit.gritsego.semestral.rest_api.PlayerControllerTest" time="0.011"/>
  <testcase name="readAll()" classname="cz.cvut.fit.gritsego.semestral.rest_api.PlayerControllerTest" time="0.024"/>
  <testcase name="readOne()" classname="cz.cvut.fit.gritsego.semestral.rest_api.PlayerControllerTest" time="0.01"/>
  <system-out><![CDATA[16:24:37.782 [Test worker] DEBUG org.springframework.test.context.BootstrapUtils - Instantiating CacheAwareContextLoaderDelegate from class [org.springframework.test.context.cache.DefaultCacheAwareContextLoaderDelegate]
16:24:37.798 [Test worker] DEBUG org.springframework.test.context.BootstrapUtils - Instantiating BootstrapContext using constructor [public org.springframework.test.context.support.DefaultBootstrapContext(java.lang.Class,org.springframework.test.context.CacheAwareContextLoaderDelegate)]
16:24:37.830 [Test worker] DEBUG org.springframework.test.context.BootstrapUtils - Instantiating TestContextBootstrapper for test class [cz.cvut.fit.gritsego.semestral.rest_api.PlayerControllerTest] from class [org.springframework.boot.test.context.SpringBootTestContextBootstrapper]
16:24:37.841 [Test worker] INFO org.springframework.boot.test.context.SpringBootTestContextBootstrapper - Neither @ContextConfiguration nor @ContextHierarchy found for test class [cz.cvut.fit.gritsego.semestral.rest_api.PlayerControllerTest], using SpringBootContextLoader
16:24:37.845 [Test worker] DEBUG org.springframework.test.context.support.AbstractContextLoader - Did not detect default resource location for test class [cz.cvut.fit.gritsego.semestral.rest_api.PlayerControllerTest]: class path resource [cz/cvut/fit/gritsego/semestral/rest_api/PlayerControllerTest-context.xml] does not exist
16:24:37.845 [Test worker] DEBUG org.springframework.test.context.support.AbstractContextLoader - Did not detect default resource location for test class [cz.cvut.fit.gritsego.semestral.rest_api.PlayerControllerTest]: class path resource [cz/cvut/fit/gritsego/semestral/rest_api/PlayerControllerTestContext.groovy] does not exist
16:24:37.845 [Test worker] INFO org.springframework.test.context.support.AbstractContextLoader - Could not detect default resource locations for test class [cz.cvut.fit.gritsego.semestral.rest_api.PlayerControllerTest]: no resource found for suffixes {-context.xml, Context.groovy}.
16:24:37.846 [Test worker] INFO org.springframework.test.context.support.AnnotationConfigContextLoaderUtils - Could not detect default configuration classes for test class [cz.cvut.fit.gritsego.semestral.rest_api.PlayerControllerTest]: PlayerControllerTest does not declare any static, non-private, non-final, nested classes annotated with @Configuration.
16:24:37.899 [Test worker] DEBUG org.springframework.test.context.support.ActiveProfilesUtils - Could not find an 'annotation declaring class' for annotation type [org.springframework.test.context.ActiveProfiles] and class [cz.cvut.fit.gritsego.semestral.rest_api.PlayerControllerTest]
16:24:37.975 [Test worker] DEBUG org.springframework.context.annotation.ClassPathScanningCandidateComponentProvider - Identified candidate component class: file [C:\Users\golyt\IdeaProjects\Semestral\build\classes\java\main\cz\cvut\fit\gritsego\semestral\SemestralApplication.class]
16:24:37.976 [Test worker] INFO org.springframework.boot.test.context.SpringBootTestContextBootstrapper - Found @SpringBootConfiguration cz.cvut.fit.gritsego.semestral.SemestralApplication for test class cz.cvut.fit.gritsego.semestral.rest_api.PlayerControllerTest
16:24:38.065 [Test worker] DEBUG org.springframework.boot.test.context.SpringBootTestContextBootstrapper - @TestExecutionListeners is not present for class [cz.cvut.fit.gritsego.semestral.rest_api.PlayerControllerTest]: using defaults.
16:24:38.067 [Test worker] INFO org.springframework.boot.test.context.SpringBootTestContextBootstrapper - Loaded default TestExecutionListener class names from location [META-INF/spring.factories]: [org.springframework.boot.test.autoconfigure.restdocs.RestDocsTestExecutionListener, org.springframework.boot.test.autoconfigure.web.client.MockRestServiceServerResetTestExecutionListener, org.springframework.boot.test.autoconfigure.web.servlet.MockMvcPrintOnlyOnFailureTestExecutionListener, org.springframework.boot.test.autoconfigure.web.servlet.WebDriverTestExecutionListener, org.springframework.boot.test.autoconfigure.webservices.client.MockWebServiceServerTestExecutionListener, org.springframework.boot.test.mock.mockito.MockitoTestExecutionListener, org.springframework.boot.test.mock.mockito.ResetMocksTestExecutionListener, org.springframework.test.context.web.ServletTestExecutionListener, org.springframework.test.context.support.DirtiesContextBeforeModesTestExecutionListener, org.springframework.test.context.support.DependencyInjectionTestExecutionListener, org.springframework.test.context.support.DirtiesContextTestExecutionListener, org.springframework.test.context.transaction.TransactionalTestExecutionListener, org.springframework.test.context.jdbc.SqlScriptsTestExecutionListener, org.springframework.test.context.event.EventPublishingTestExecutionListener]
16:24:38.084 [Test worker] INFO org.springframework.boot.test.context.SpringBootTestContextBootstrapper - Using TestExecutionListeners: [org.springframework.test.context.web.ServletTestExecutionListener@362e5660, org.springframework.test.context.support.DirtiesContextBeforeModesTestExecutionListener@3afb8eaf, org.springframework.boot.test.mock.mockito.MockitoTestExecutionListener@2580422, org.springframework.boot.test.autoconfigure.SpringBootDependencyInjectionTestExecutionListener@661ad88d, org.springframework.test.context.support.DirtiesContextTestExecutionListener@22c30f78, org.springframework.test.context.transaction.TransactionalTestExecutionListener@44ab6379, org.springframework.test.context.jdbc.SqlScriptsTestExecutionListener@69006da, org.springframework.test.context.event.EventPublishingTestExecutionListener@367e6835, org.springframework.boot.test.autoconfigure.restdocs.RestDocsTestExecutionListener@c7c194d, org.springframework.boot.test.autoconfigure.web.client.MockRestServiceServerResetTestExecutionListener@13d31310, org.springframework.boot.test.autoconfigure.web.servlet.MockMvcPrintOnlyOnFailureTestExecutionListener@15f37166, org.springframework.boot.test.autoconfigure.web.servlet.WebDriverTestExecutionListener@50098c2d, org.springframework.boot.test.autoconfigure.webservices.client.MockWebServiceServerTestExecutionListener@3cd35110, org.springframework.boot.test.mock.mockito.ResetMocksTestExecutionListener@37939e09]
16:24:38.088 [Test worker] DEBUG org.springframework.test.context.support.AbstractDirtiesContextTestExecutionListener - Before test class: context [DefaultTestContext@6c256a8c testClass = PlayerControllerTest, testInstance = [null], testMethod = [null], testException = [null], mergedContextConfiguration = [WebMergedContextConfiguration@6fc96897 testClass = PlayerControllerTest, locations = '{}', classes = '{class cz.cvut.fit.gritsego.semestral.SemestralApplication}', contextInitializerClasses = '[]', activeProfiles = '{}', propertySourceLocations = '{}', propertySourceProperties = '{org.springframework.boot.test.context.SpringBootTestContextBootstrapper=true}', contextCustomizers = set[org.springframework.boot.test.autoconfigure.actuate.metrics.MetricsExportContextCustomizerFactory$DisableMetricExportContextCustomizer@6f8b8b70, org.springframework.boot.test.autoconfigure.properties.PropertyMappingContextCustomizer@4b3fa0b3, org.springframework.boot.test.autoconfigure.web.servlet.WebDriverContextCustomizerFactory$Customizer@25f367c5, [ImportsContextCustomizer@1be7d987 key = [org.springframework.boot.test.autoconfigure.web.servlet.MockMvcAutoConfiguration, org.springframework.boot.test.autoconfigure.web.servlet.MockMvcWebClientAutoConfiguration, org.springframework.boot.test.autoconfigure.web.servlet.MockMvcWebDriverAutoConfiguration, org.springframework.boot.autoconfigure.security.oauth2.client.servlet.OAuth2ClientAutoConfiguration, org.springframework.boot.autoconfigure.security.oauth2.resource.servlet.OAuth2ResourceServerAutoConfiguration, org.springframework.boot.autoconfigure.security.servlet.SecurityAutoConfiguration, org.springframework.boot.autoconfigure.security.servlet.SecurityFilterAutoConfiguration, org.springframework.boot.autoconfigure.security.servlet.UserDetailsServiceAutoConfiguration, org.springframework.boot.test.autoconfigure.web.servlet.MockMvcSecurityConfiguration]], org.springframework.boot.test.context.filter.ExcludeFilterContextCustomizer@28720dc6, org.springframework.boot.test.json.DuplicateJsonObjectContextCustomizerFactory$DuplicateJsonObjectContextCustomizer@23eb0279, org.springframework.boot.test.mock.mockito.MockitoContextCustomizer@84c97951, org.springframework.boot.test.web.client.TestRestTemplateContextCustomizer@7d6e362d, org.springframework.boot.test.web.reactive.server.WebTestClientContextCustomizer@1eafcceb, org.springframework.boot.test.context.SpringBootTestArgs@1, org.springframework.boot.test.context.SpringBootTestWebEnvironment@50ba274a], resourceBasePath = 'src/main/webapp', contextLoader = 'org.springframework.boot.test.context.SpringBootContextLoader', parent = [null]], attributes = map['org.springframework.test.context.web.ServletTestExecutionListener.activateListener' -> true]], class annotated with @DirtiesContext [false] with mode [null].
16:24:38.114 [Test worker] DEBUG org.springframework.test.context.support.TestPropertySourceUtils - Adding inlined properties to environment: {spring.jmx.enabled=false, org.springframework.boot.test.context.SpringBootTestContextBootstrapper=true}

  .   ____          _            __ _ _
 /\\ / ___'_ __ _ _(_)_ __  __ _ \ \ \ \
( ( )\___ | '_ | '_| | '_ \/ _` | \ \ \ \
 \\/  ___)| |_)| | | | | || (_| |  ) ) ) )
  '  |____| .__|_| |_|_| |_\__, | / / / /
 =========|_|==============|___/=/_/_/_/
 :: Spring Boot ::                (v2.4.0)

2021-01-06 16:24:38.351  INFO 11148 --- [    Test worker] c.c.f.g.s.rest_api.PlayerControllerTest  : Starting PlayerControllerTest using Java 15 on DESKTOP-00B7A6Q with PID 11148 (started by golyt in C:\Users\golyt\IdeaProjects\Semestral)
2021-01-06 16:24:38.353  INFO 11148 --- [    Test worker] c.c.f.g.s.rest_api.PlayerControllerTest  : No active profile set, falling back to default profiles: default
2021-01-06 16:24:38.918  INFO 11148 --- [    Test worker] .s.d.r.c.RepositoryConfigurationDelegate : Bootstrapping Spring Data JPA repositories in DEFERRED mode.
2021-01-06 16:24:38.974  INFO 11148 --- [    Test worker] .s.d.r.c.RepositoryConfigurationDelegate : Finished Spring Data repository scanning in 49 ms. Found 3 JPA repository interfaces.
2021-01-06 16:24:39.877  INFO 11148 --- [    Test worker] o.s.s.concurrent.ThreadPoolTaskExecutor  : Initializing ExecutorService 'applicationTaskExecutor'
2021-01-06 16:24:39.891  INFO 11148 --- [    Test worker] com.zaxxer.hikari.HikariDataSource       : HikariPool-1 - Starting...
2021-01-06 16:24:40.144  INFO 11148 --- [    Test worker] com.zaxxer.hikari.HikariDataSource       : HikariPool-1 - Start completed.
2021-01-06 16:24:40.212  INFO 11148 --- [         task-1] o.hibernate.jpa.internal.util.LogHelper  : HHH000204: Processing PersistenceUnitInfo [name: default]
2021-01-06 16:24:40.274  INFO 11148 --- [         task-1] org.hibernate.Version                    : HHH000412: Hibernate ORM core version 5.4.23.Final
2021-01-06 16:24:40.319  INFO 11148 --- [         task-1] o.hibernate.annotations.common.Version   : HCANN000001: Hibernate Commons Annotations {5.1.2.Final}
2021-01-06 16:24:40.465  WARN 11148 --- [    Test worker] JpaBaseConfiguration$JpaWebConfiguration : spring.jpa.open-in-view is enabled by default. Therefore, database queries may be performed during view rendering. Explicitly configure spring.jpa.open-in-view to disable this warning
2021-01-06 16:24:40.471  INFO 11148 --- [         task-1] org.hibernate.dialect.Dialect            : HHH000400: Using dialect: org.hibernate.dialect.H2Dialect
2021-01-06 16:24:41.019  INFO 11148 --- [         task-1] o.h.e.t.j.p.i.JtaPlatformInitiator       : HHH000490: Using JtaPlatform implementation: [org.hibernate.engine.transaction.jta.platform.internal.NoJtaPlatform]
2021-01-06 16:24:41.029  INFO 11148 --- [         task-1] j.LocalContainerEntityManagerFactoryBean : Initialized JPA EntityManagerFactory for persistence unit 'default'
2021-01-06 16:24:41.148  INFO 11148 --- [    Test worker] o.s.b.t.m.w.SpringBootMockServletContext : Initializing Spring TestDispatcherServlet ''
2021-01-06 16:24:41.148  INFO 11148 --- [    Test worker] o.s.t.web.servlet.TestDispatcherServlet  : Initializing Servlet ''
2021-01-06 16:24:41.149  INFO 11148 --- [    Test worker] o.s.t.web.servlet.TestDispatcherServlet  : Completed initialization in 1 ms
2021-01-06 16:24:41.160  INFO 11148 --- [    Test worker] DeferredRepositoryInitializationListener : Triggering deferred initialization of Spring Data repositories…
2021-01-06 16:24:41.503  INFO 11148 --- [    Test worker] DeferredRepositoryInitializationListener : Spring Data repositories initialized!
2021-01-06 16:24:41.509  INFO 11148 --- [    Test worker] c.c.f.g.s.rest_api.PlayerControllerTest  : Started PlayerControllerTest in 3.388 seconds (JVM running for 4.393)
]]></system-out>
  <system-err><![CDATA[]]></system-err>
</testsuite>
